-------------------------------------------------------------------------------
Test set: at.fhtw.swen3.persistence.repositories.HopRepositoryTest
-------------------------------------------------------------------------------
Tests run: 7, Failures: 0, Errors: 7, Skipped: 0, Time elapsed: 1.854 s <<< FAILURE! - in at.fhtw.swen3.persistence.repositories.HopRepositoryTest
should_delete_tutorial_by_id  Time elapsed: 0 s  <<< ERROR!
java.lang.IllegalStateException: Failed to load ApplicationContext
Caused by: org.springframework.beans.factory.BeanCreationException: Error creating bean with name 'entityManagerFactory' defined in class path resource [org/springframework/boot/autoconfigure/orm/jpa/HibernateJpaConfiguration.class]: Invocation of init method failed; nested exception is org.hibernate.AnnotationException: mappedBy reference an unknown target entity property: at.fhtw.swen3.persistence.entities.WarehouseNextHopsEntity.warehouse_next_hop in at.fhtw.swen3.persistence.entities.WarehouseEntity.nextHops
Caused by: org.hibernate.AnnotationException: mappedBy reference an unknown target entity property: at.fhtw.swen3.persistence.entities.WarehouseNextHopsEntity.warehouse_next_hop in at.fhtw.swen3.persistence.entities.WarehouseEntity.nextHops

should_update_hop_by_id  Time elapsed: 0 s  <<< ERROR!
java.lang.IllegalStateException: Failed to load ApplicationContext
Caused by: org.springframework.beans.factory.BeanCreationException: Error creating bean with name 'entityManagerFactory' defined in class path resource [org/springframework/boot/autoconfigure/orm/jpa/HibernateJpaConfiguration.class]: Invocation of init method failed; nested exception is org.hibernate.AnnotationException: mappedBy reference an unknown target entity property: at.fhtw.swen3.persistence.entities.WarehouseNextHopsEntity.warehouse_next_hop in at.fhtw.swen3.persistence.entities.WarehouseEntity.nextHops
Caused by: org.hibernate.AnnotationException: mappedBy reference an unknown target entity property: at.fhtw.swen3.persistence.entities.WarehouseNextHopsEntity.warehouse_next_hop in at.fhtw.swen3.persistence.entities.WarehouseEntity.nextHops

should_find_all_hops  Time elapsed: 0 s  <<< ERROR!
java.lang.IllegalStateException: Failed to load ApplicationContext
Caused by: org.springframework.beans.factory.BeanCreationException: Error creating bean with name 'entityManagerFactory' defined in class path resource [org/springframework/boot/autoconfigure/orm/jpa/HibernateJpaConfiguration.class]: Invocation of init method failed; nested exception is org.hibernate.AnnotationException: mappedBy reference an unknown target entity property: at.fhtw.swen3.persistence.entities.WarehouseNextHopsEntity.warehouse_next_hop in at.fhtw.swen3.persistence.entities.WarehouseEntity.nextHops
Caused by: org.hibernate.AnnotationException: mappedBy reference an unknown target entity property: at.fhtw.swen3.persistence.entities.WarehouseNextHopsEntity.warehouse_next_hop in at.fhtw.swen3.persistence.entities.WarehouseEntity.nextHops

should_delete_all_tutorials  Time elapsed: 0 s  <<< ERROR!
java.lang.IllegalStateException: Failed to load ApplicationContext
Caused by: org.springframework.beans.factory.BeanCreationException: Error creating bean with name 'entityManagerFactory' defined in class path resource [org/springframework/boot/autoconfigure/orm/jpa/HibernateJpaConfiguration.class]: Invocation of init method failed; nested exception is org.hibernate.AnnotationException: mappedBy reference an unknown target entity property: at.fhtw.swen3.persistence.entities.WarehouseNextHopsEntity.warehouse_next_hop in at.fhtw.swen3.persistence.entities.WarehouseEntity.nextHops
Caused by: org.hibernate.AnnotationException: mappedBy reference an unknown target entity property: at.fhtw.swen3.persistence.entities.WarehouseNextHopsEntity.warehouse_next_hop in at.fhtw.swen3.persistence.entities.WarehouseEntity.nextHops

should_find_no_hops_if_repository_is_empty  Time elapsed: 0 s  <<< ERROR!
java.lang.IllegalStateException: Failed to load ApplicationContext
Caused by: org.springframework.beans.factory.BeanCreationException: Error creating bean with name 'entityManagerFactory' defined in class path resource [org/springframework/boot/autoconfigure/orm/jpa/HibernateJpaConfiguration.class]: Invocation of init method failed; nested exception is org.hibernate.AnnotationException: mappedBy reference an unknown target entity property: at.fhtw.swen3.persistence.entities.WarehouseNextHopsEntity.warehouse_next_hop in at.fhtw.swen3.persistence.entities.WarehouseEntity.nextHops
Caused by: org.hibernate.AnnotationException: mappedBy reference an unknown target entity property: at.fhtw.swen3.persistence.entities.WarehouseNextHopsEntity.warehouse_next_hop in at.fhtw.swen3.persistence.entities.WarehouseEntity.nextHops

should_store_a_hop  Time elapsed: 0 s  <<< ERROR!
java.lang.IllegalStateException: Failed to load ApplicationContext
Caused by: org.springframework.beans.factory.BeanCreationException: Error creating bean with name 'entityManagerFactory' defined in class path resource [org/springframework/boot/autoconfigure/orm/jpa/HibernateJpaConfiguration.class]: Invocation of init method failed; nested exception is org.hibernate.AnnotationException: mappedBy reference an unknown target entity property: at.fhtw.swen3.persistence.entities.WarehouseNextHopsEntity.warehouse_next_hop in at.fhtw.swen3.persistence.entities.WarehouseEntity.nextHops
Caused by: org.hibernate.AnnotationException: mappedBy reference an unknown target entity property: at.fhtw.swen3.persistence.entities.WarehouseNextHopsEntity.warehouse_next_hop in at.fhtw.swen3.persistence.entities.WarehouseEntity.nextHops

should_find_hop_by_id  Time elapsed: 0 s  <<< ERROR!
java.lang.IllegalStateException: Failed to load ApplicationContext
Caused by: org.springframework.beans.factory.BeanCreationException: Error creating bean with name 'entityManagerFactory' defined in class path resource [org/springframework/boot/autoconfigure/orm/jpa/HibernateJpaConfiguration.class]: Invocation of init method failed; nested exception is org.hibernate.AnnotationException: mappedBy reference an unknown target entity property: at.fhtw.swen3.persistence.entities.WarehouseNextHopsEntity.warehouse_next_hop in at.fhtw.swen3.persistence.entities.WarehouseEntity.nextHops
Caused by: org.hibernate.AnnotationException: mappedBy reference an unknown target entity property: at.fhtw.swen3.persistence.entities.WarehouseNextHopsEntity.warehouse_next_hop in at.fhtw.swen3.persistence.entities.WarehouseEntity.nextHops

