-------------------------------------------------------------------------------
Test set: at.fhtw.swen3.persistence.repositories.TruckRepositoryTest
-------------------------------------------------------------------------------
Tests run: 3, Failures: 0, Errors: 3, Skipped: 0, Time elapsed: 0.617 s <<< FAILURE! - in at.fhtw.swen3.persistence.repositories.TruckRepositoryTest
should_store_a_truck  Time elapsed: 0 s  <<< ERROR!
java.lang.IllegalStateException: Failed to load ApplicationContext
Caused by: org.springframework.beans.factory.BeanCreationException: Error creating bean with name 'entityManagerFactory' defined in class path resource [org/springframework/boot/autoconfigure/orm/jpa/HibernateJpaConfiguration.class]: Invocation of init method failed; nested exception is org.hibernate.AnnotationException: mappedBy reference an unknown target entity property: at.fhtw.swen3.persistence.entities.WarehouseNextHopsEntity.warehouse_next_hop in at.fhtw.swen3.persistence.entities.WarehouseEntity.nextHops
Caused by: org.hibernate.AnnotationException: mappedBy reference an unknown target entity property: at.fhtw.swen3.persistence.entities.WarehouseNextHopsEntity.warehouse_next_hop in at.fhtw.swen3.persistence.entities.WarehouseEntity.nextHops

should_find_truck_by_id  Time elapsed: 0 s  <<< ERROR!
java.lang.IllegalStateException: Failed to load ApplicationContext
Caused by: org.springframework.beans.factory.BeanCreationException: Error creating bean with name 'entityManagerFactory' defined in class path resource [org/springframework/boot/autoconfigure/orm/jpa/HibernateJpaConfiguration.class]: Invocation of init method failed; nested exception is org.hibernate.AnnotationException: mappedBy reference an unknown target entity property: at.fhtw.swen3.persistence.entities.WarehouseNextHopsEntity.warehouse_next_hop in at.fhtw.swen3.persistence.entities.WarehouseEntity.nextHops
Caused by: org.hibernate.AnnotationException: mappedBy reference an unknown target entity property: at.fhtw.swen3.persistence.entities.WarehouseNextHopsEntity.warehouse_next_hop in at.fhtw.swen3.persistence.entities.WarehouseEntity.nextHops

should_find_no_trucks_if_repository_is_empty  Time elapsed: 0 s  <<< ERROR!
java.lang.IllegalStateException: Failed to load ApplicationContext
Caused by: org.springframework.beans.factory.BeanCreationException: Error creating bean with name 'entityManagerFactory' defined in class path resource [org/springframework/boot/autoconfigure/orm/jpa/HibernateJpaConfiguration.class]: Invocation of init method failed; nested exception is org.hibernate.AnnotationException: mappedBy reference an unknown target entity property: at.fhtw.swen3.persistence.entities.WarehouseNextHopsEntity.warehouse_next_hop in at.fhtw.swen3.persistence.entities.WarehouseEntity.nextHops
Caused by: org.hibernate.AnnotationException: mappedBy reference an unknown target entity property: at.fhtw.swen3.persistence.entities.WarehouseNextHopsEntity.warehouse_next_hop in at.fhtw.swen3.persistence.entities.WarehouseEntity.nextHops

