<?xml version="1.0" encoding="UTF-8"?>
<testsuite xmlns:xsi="http://www.w3.org/2001/XMLSchema-instance" xsi:noNamespaceSchemaLocation="https://maven.apache.org/surefire/maven-surefire-plugin/xsd/surefire-test-report.xsd" name="at.fhtw.swen3.persistence.repositories.HopRepositoryTest" time="1.325" tests="7" errors="0" skipped="0" failures="3">
  <properties>
[...]
</properties>
  <testcase name="should_delete_tutorial_by_id" classname="at.fhtw.swen3.persistence.repositories.HopRepositoryTest" time="0.104">
    <failure message="&#10;Expected size: 1 but was: 4 in:&#10;[WarehouseEntity(level=2, nextHops=[]),&#10;    WarehouseEntity(level=2, nextHops=[]),&#10;    WarehouseEntity(level=2, nextHops=[]),&#10;    HopEntity(id=248, hopType=testHopType 1, code=ABCD12, description=test description 1, processingDelayMins=55, locationName=Wien, locationCoordinates=GeoCoordinateEntity(id=249, lat=3.493582346E9, lon=345.0))]" type="java.lang.AssertionError">java.lang.AssertionError: 

Expected size: 1 but was: 4 in:
[WarehouseEntity(level=2, nextHops=[]),
    WarehouseEntity(level=2, nextHops=[]),
    WarehouseEntity(level=2, nextHops=[]),
    HopEntity(id=248, hopType=testHopType 1, code=ABCD12, description=test description 1, processingDelayMins=55, locationName=Wien, locationCoordinates=GeoCoordinateEntity(id=249, lat=3.493582346E9, lon=345.0))]
	at at.fhtw.swen3.persistence.repositories.HopRepositoryTest.should_delete_tutorial_by_id(HopRepositoryTest.java:171)
</failure>
    <system-out><![CDATA[2022-12-13 08:59:10.821  INFO 36464 --- [           main] .b.t.c.SpringBootTestContextBootstrapper : Neither @ContextConfiguration nor @ContextHierarchy found for test class [at.fhtw.swen3.persistence.repositories.HopRepositoryTest], using SpringBootContextLoader
2022-12-13 08:59:10.822  INFO 36464 --- [           main] o.s.t.c.support.AbstractContextLoader    : Could not detect default resource locations for test class [at.fhtw.swen3.persistence.repositories.HopRepositoryTest]: no resource found for suffixes {-context.xml, Context.groovy}.
2022-12-13 08:59:10.822  INFO 36464 --- [           main] t.c.s.AnnotationConfigContextLoaderUtils : Could not detect default configuration classes for test class [at.fhtw.swen3.persistence.repositories.HopRepositoryTest]: HopRepositoryTest does not declare any static, non-private, non-final, nested classes annotated with @Configuration.
2022-12-13 08:59:10.835  INFO 36464 --- [           main] .b.t.c.SpringBootTestContextBootstrapper : Found @SpringBootConfiguration at.fhtw.swen3.OpenApiGeneratorApplication for test class at.fhtw.swen3.persistence.repositories.HopRepositoryTest
2022-12-13 08:59:10.837  INFO 36464 --- [           main] .b.t.c.SpringBootTestContextBootstrapper : Loaded default TestExecutionListener class names from location [META-INF/spring.factories]: [org.springframework.boot.test.mock.mockito.MockitoTestExecutionListener, org.springframework.boot.test.mock.mockito.ResetMocksTestExecutionListener, org.springframework.boot.test.autoconfigure.restdocs.RestDocsTestExecutionListener, org.springframework.boot.test.autoconfigure.web.client.MockRestServiceServerResetTestExecutionListener, org.springframework.boot.test.autoconfigure.web.servlet.MockMvcPrintOnlyOnFailureTestExecutionListener, org.springframework.boot.test.autoconfigure.web.servlet.WebDriverTestExecutionListener, org.springframework.boot.test.autoconfigure.webservices.client.MockWebServiceServerTestExecutionListener, org.springframework.test.context.web.ServletTestExecutionListener, org.springframework.test.context.support.DirtiesContextBeforeModesTestExecutionListener, org.springframework.test.context.event.ApplicationEventsTestExecutionListener, org.springframework.test.context.support.DependencyInjectionTestExecutionListener, org.springframework.test.context.support.DirtiesContextTestExecutionListener, org.springframework.test.context.transaction.TransactionalTestExecutionListener, org.springframework.test.context.jdbc.SqlScriptsTestExecutionListener, org.springframework.test.context.event.EventPublishingTestExecutionListener]
2022-12-13 08:59:10.837  INFO 36464 --- [           main] .b.t.c.SpringBootTestContextBootstrapper : Using TestExecutionListeners: [org.springframework.test.context.web.ServletTestExecutionListener@44f8d884, org.springframework.test.context.support.DirtiesContextBeforeModesTestExecutionListener@65d3e2ba, org.springframework.test.context.event.ApplicationEventsTestExecutionListener@5f9f1886, org.springframework.boot.test.mock.mockito.MockitoTestExecutionListener@136a5572, org.springframework.boot.test.autoconfigure.SpringBootDependencyInjectionTestExecutionListener@11548363, org.springframework.test.context.support.DirtiesContextTestExecutionListener@6be865c1, org.springframework.test.context.transaction.TransactionalTestExecutionListener@4c140b12, org.springframework.test.context.jdbc.SqlScriptsTestExecutionListener@d140627, org.springframework.test.context.event.EventPublishingTestExecutionListener@386ec37d, org.springframework.boot.test.mock.mockito.ResetMocksTestExecutionListener@10007fdc, org.springframework.boot.test.autoconfigure.restdocs.RestDocsTestExecutionListener@7ca0aa55, org.springframework.boot.test.autoconfigure.web.client.MockRestServiceServerResetTestExecutionListener@51a8aed8, org.springframework.boot.test.autoconfigure.web.servlet.MockMvcPrintOnlyOnFailureTestExecutionListener@1f13eabb, org.springframework.boot.test.autoconfigure.web.servlet.WebDriverTestExecutionListener@cfe881a, org.springframework.boot.test.autoconfigure.webservices.client.MockWebServiceServerTestExecutionListener@75f579d2]

  .   ____          _            __ _ _
 /\\ / ___'_ __ _ _(_)_ __  __ _ \ \ \ \
( ( )\___ | '_ | '_| | '_ \/ _` | \ \ \ \
 \\/  ___)| |_)| | | | | || (_| |  ) ) ) )
  '  |____| .__|_| |_|_| |_\__, | / / / /
 =========|_|==============|___/=/_/_/_/
 :: Spring Boot ::                (v2.7.4)

2022-12-13 08:59:10.857  WARN 36464 --- [           main] ory$DuplicateJsonObjectContextCustomizer : 

Found multiple occurrences of org.json.JSONObject on the class path:

	jar:file:/C:/Users/angel/.m2/repository/com/vaadin/external/google/android-json/0.0.20131108.vaadin1/android-json-0.0.20131108.vaadin1.jar!/org/json/JSONObject.class
	jar:file:/C:/Users/angel/.m2/repository/org/json/json/20220924/json-20220924.jar!/org/json/JSONObject.class

You may wish to exclude one of them to ensure predictable runtime behavior

2022-12-13 08:59:10.858  INFO 36464 --- [           main] a.f.s.p.repositories.HopRepositoryTest   : Starting HopRepositoryTest using Java 18.0.1.1 on Geli-Laptop with PID 36464 (started by angel in C:\Users\angel\Documents\fhtw\semester_5\SWKOM\parcel-track-trace\springboot)
2022-12-13 08:59:10.858  INFO 36464 --- [           main] a.f.s.p.repositories.HopRepositoryTest   : No active profile set, falling back to 1 default profile: "default"
2022-12-13 08:59:11.042  INFO 36464 --- [           main] .s.d.r.c.RepositoryConfigurationDelegate : Bootstrapping Spring Data JPA repositories in DEFAULT mode.
2022-12-13 08:59:11.083  INFO 36464 --- [           main] .s.d.r.c.RepositoryConfigurationDelegate : Finished Spring Data repository scanning in 40 ms. Found 8 JPA repository interfaces.
2022-12-13 08:59:11.158  INFO 36464 --- [           main] com.zaxxer.hikari.HikariDataSource       : HikariPool-2 - Starting...
2022-12-13 08:59:11.177  INFO 36464 --- [           main] com.zaxxer.hikari.HikariDataSource       : HikariPool-2 - Start completed.
2022-12-13 08:59:11.191  INFO 36464 --- [           main] o.hibernate.jpa.internal.util.LogHelper  : HHH000204: Processing PersistenceUnitInfo [name: default]
2022-12-13 08:59:11.195  INFO 36464 --- [           main] org.hibernate.dialect.Dialect            : HHH000400: Using dialect: org.hibernate.dialect.PostgreSQL10Dialect
2022-12-13 08:59:11.284  INFO 36464 --- [           main] o.h.e.t.j.p.i.JtaPlatformInitiator       : HHH000490: Using JtaPlatform implementation: [org.hibernate.engine.transaction.jta.platform.internal.NoJtaPlatform]
2022-12-13 08:59:11.284  INFO 36464 --- [           main] j.LocalContainerEntityManagerFactoryBean : Initialized JPA EntityManagerFactory for persistence unit 'default'
2022-12-13 08:59:11.539  WARN 36464 --- [           main] JpaBaseConfiguration$JpaWebConfiguration : spring.jpa.open-in-view is enabled by default. Therefore, database queries may be performed during view rendering. Explicitly configure spring.jpa.open-in-view to disable this warning
2022-12-13 08:59:11.953  INFO 36464 --- [           main] a.f.s.p.repositories.HopRepositoryTest   : Started HopRepositoryTest in 1.114 seconds (JVM running for 7.977)
2022-12-13 08:59:11.961  INFO 36464 --- [           main] o.s.t.c.transaction.TransactionContext   : Began transaction (1) for test context [DefaultTestContext@33fefbbe testClass = HopRepositoryTest, testInstance = at.fhtw.swen3.persistence.repositories.HopRepositoryTest@5784f6b9, testMethod = should_delete_tutorial_by_id@HopRepositoryTest, testException = [null], mergedContextConfiguration = [WebMergedContextConfiguration@5d0ca8a5 testClass = HopRepositoryTest, locations = '{}', classes = '{class at.fhtw.swen3.OpenApiGeneratorApplication}', contextInitializerClasses = '[]', activeProfiles = '{}', propertySourceLocations = '{}', propertySourceProperties = '{org.springframework.boot.test.context.SpringBootTestContextBootstrapper=true}', contextCustomizers = set[[ImportsContextCustomizer@1b7c1c6f key = [org.springframework.boot.test.autoconfigure.orm.jpa.TestEntityManagerAutoConfiguration]], org.springframework.boot.test.context.filter.ExcludeFilterContextCustomizer@5677323c, org.springframework.boot.test.json.DuplicateJsonObjectContextCustomizerFactory$DuplicateJsonObjectContextCustomizer@4686afc2, org.springframework.boot.test.mock.mockito.MockitoContextCustomizer@0, org.springframework.boot.test.web.client.TestRestTemplateContextCustomizer@2892d68, org.springframework.boot.test.autoconfigure.actuate.metrics.MetricsExportContextCustomizerFactory$DisableMetricExportContextCustomizer@740cae06, org.springframework.boot.test.autoconfigure.properties.PropertyMappingContextCustomizer@0, org.springframework.boot.test.autoconfigure.web.servlet.WebDriverContextCustomizerFactory$Customizer@5d0bf09b, org.springframework.boot.test.context.SpringBootTestArgs@1, org.springframework.boot.test.context.SpringBootTestWebEnvironment@29b5cd00], resourceBasePath = 'src/main/webapp', contextLoader = 'org.springframework.boot.test.context.SpringBootContextLoader', parent = [null]], attributes = map['org.springframework.test.context.web.ServletTestExecutionListener.activateListener' -> true, 'org.springframework.test.context.web.ServletTestExecutionListener.populatedRequestContextHolder' -> true, 'org.springframework.test.context.web.ServletTestExecutionListener.resetRequestContextHolder' -> true, 'org.springframework.test.context.event.ApplicationEventsTestExecutionListener.recordApplicationEvents' -> false]]; transaction manager [org.springframework.orm.jpa.JpaTransactionManager@353ac1ef]; rollback [true]
2022-12-13 08:59:12.058  INFO 36464 --- [           main] o.s.t.c.transaction.TransactionContext   : Rolled back transaction for test: [DefaultTestContext@33fefbbe testClass = HopRepositoryTest, testInstance = at.fhtw.swen3.persistence.repositories.HopRepositoryTest@5784f6b9, testMethod = should_delete_tutorial_by_id@HopRepositoryTest, testException = java.lang.AssertionError: 
Expected size: 1 but was: 4 in:
[WarehouseEntity(level=2, nextHops=[]),
    WarehouseEntity(level=2, nextHops=[]),
    WarehouseEntity(level=2, nextHops=[]),
    HopEntity(id=248, hopType=testHopType 1, code=ABCD12, description=test description 1, processingDelayMins=55, locationName=Wien, locationCoordinates=GeoCoordinateEntity(id=249, lat=3.493582346E9, lon=345.0))], mergedContextConfiguration = [WebMergedContextConfiguration@5d0ca8a5 testClass = HopRepositoryTest, locations = '{}', classes = '{class at.fhtw.swen3.OpenApiGeneratorApplication}', contextInitializerClasses = '[]', activeProfiles = '{}', propertySourceLocations = '{}', propertySourceProperties = '{org.springframework.boot.test.context.SpringBootTestContextBootstrapper=true}', contextCustomizers = set[[ImportsContextCustomizer@1b7c1c6f key = [org.springframework.boot.test.autoconfigure.orm.jpa.TestEntityManagerAutoConfiguration]], org.springframework.boot.test.context.filter.ExcludeFilterContextCustomizer@5677323c, org.springframework.boot.test.json.DuplicateJsonObjectContextCustomizerFactory$DuplicateJsonObjectContextCustomizer@4686afc2, org.springframework.boot.test.mock.mockito.MockitoContextCustomizer@0, org.springframework.boot.test.web.client.TestRestTemplateContextCustomizer@2892d68, org.springframework.boot.test.autoconfigure.actuate.metrics.MetricsExportContextCustomizerFactory$DisableMetricExportContextCustomizer@740cae06, org.springframework.boot.test.autoconfigure.properties.PropertyMappingContextCustomizer@0, org.springframework.boot.test.autoconfigure.web.servlet.WebDriverContextCustomizerFactory$Customizer@5d0bf09b, org.springframework.boot.test.context.SpringBootTestArgs@1, org.springframework.boot.test.context.SpringBootTestWebEnvironment@29b5cd00], resourceBasePath = 'src/main/webapp', contextLoader = 'org.springframework.boot.test.context.SpringBootContextLoader', parent = [null]], attributes = map['org.springframework.test.context.web.ServletTestExecutionListener.activateListener' -> true, 'org.springframework.test.context.web.ServletTestExecutionListener.populatedRequestContextHolder' -> true, 'org.springframework.test.context.web.ServletTestExecutionListener.resetRequestContextHolder' -> true, 'org.springframework.test.context.event.ApplicationEventsTestExecutionListener.recordApplicationEvents' -> false]]
]]></system-out>
  </testcase>
  <testcase name="should_update_hop_by_id" classname="at.fhtw.swen3.persistence.repositories.HopRepositoryTest" time="0.015"/>
  <testcase name="should_find_all_hops" classname="at.fhtw.swen3.persistence.repositories.HopRepositoryTest" time="0.018">
    <failure message="&#10;Expected size: 2 but was: 5 in:&#10;[WarehouseEntity(level=2, nextHops=[]),&#10;    WarehouseEntity(level=2, nextHops=[]),&#10;    WarehouseEntity(level=2, nextHops=[]),&#10;    HopEntity(id=254, hopType=testHopType 1, code=ABCD12, description=test description 1, processingDelayMins=55, locationName=Wien, locationCoordinates=GeoCoordinateEntity(id=255, lat=3.493582346E9, lon=345.0)),&#10;    HopEntity(id=256, hopType=testHopType 2, code=ABCD12, description=test description 2, processingDelayMins=55, locationName=Wien, locationCoordinates=GeoCoordinateEntity(id=255, lat=3.493582346E9, lon=345.0))]" type="java.lang.AssertionError">java.lang.AssertionError: 

Expected size: 2 but was: 5 in:
[WarehouseEntity(level=2, nextHops=[]),
    WarehouseEntity(level=2, nextHops=[]),
    WarehouseEntity(level=2, nextHops=[]),
    HopEntity(id=254, hopType=testHopType 1, code=ABCD12, description=test description 1, processingDelayMins=55, locationName=Wien, locationCoordinates=GeoCoordinateEntity(id=255, lat=3.493582346E9, lon=345.0)),
    HopEntity(id=256, hopType=testHopType 2, code=ABCD12, description=test description 2, processingDelayMins=55, locationName=Wien, locationCoordinates=GeoCoordinateEntity(id=255, lat=3.493582346E9, lon=345.0))]
	at at.fhtw.swen3.persistence.repositories.HopRepositoryTest.should_find_all_hops(HopRepositoryTest.java:75)
</failure>
    <system-out><![CDATA[2022-12-13 08:59:12.076  INFO 36464 --- [           main] o.s.t.c.transaction.TransactionContext   : Began transaction (1) for test context [DefaultTestContext@33fefbbe testClass = HopRepositoryTest, testInstance = at.fhtw.swen3.persistence.repositories.HopRepositoryTest@6d9f624, testMethod = should_find_all_hops@HopRepositoryTest, testException = [null], mergedContextConfiguration = [WebMergedContextConfiguration@5d0ca8a5 testClass = HopRepositoryTest, locations = '{}', classes = '{class at.fhtw.swen3.OpenApiGeneratorApplication}', contextInitializerClasses = '[]', activeProfiles = '{}', propertySourceLocations = '{}', propertySourceProperties = '{org.springframework.boot.test.context.SpringBootTestContextBootstrapper=true}', contextCustomizers = set[[ImportsContextCustomizer@1b7c1c6f key = [org.springframework.boot.test.autoconfigure.orm.jpa.TestEntityManagerAutoConfiguration]], org.springframework.boot.test.context.filter.ExcludeFilterContextCustomizer@5677323c, org.springframework.boot.test.json.DuplicateJsonObjectContextCustomizerFactory$DuplicateJsonObjectContextCustomizer@4686afc2, org.springframework.boot.test.mock.mockito.MockitoContextCustomizer@0, org.springframework.boot.test.web.client.TestRestTemplateContextCustomizer@2892d68, org.springframework.boot.test.autoconfigure.actuate.metrics.MetricsExportContextCustomizerFactory$DisableMetricExportContextCustomizer@740cae06, org.springframework.boot.test.autoconfigure.properties.PropertyMappingContextCustomizer@0, org.springframework.boot.test.autoconfigure.web.servlet.WebDriverContextCustomizerFactory$Customizer@5d0bf09b, org.springframework.boot.test.context.SpringBootTestArgs@1, org.springframework.boot.test.context.SpringBootTestWebEnvironment@29b5cd00], resourceBasePath = 'src/main/webapp', contextLoader = 'org.springframework.boot.test.context.SpringBootContextLoader', parent = [null]], attributes = map['org.springframework.test.context.web.ServletTestExecutionListener.activateListener' -> true, 'org.springframework.test.context.web.ServletTestExecutionListener.populatedRequestContextHolder' -> true, 'org.springframework.test.context.web.ServletTestExecutionListener.resetRequestContextHolder' -> true, 'org.springframework.test.context.event.ApplicationEventsTestExecutionListener.recordApplicationEvents' -> false]]; transaction manager [org.springframework.orm.jpa.JpaTransactionManager@353ac1ef]; rollback [true]
2022-12-13 08:59:12.093  INFO 36464 --- [           main] o.s.t.c.transaction.TransactionContext   : Rolled back transaction for test: [DefaultTestContext@33fefbbe testClass = HopRepositoryTest, testInstance = at.fhtw.swen3.persistence.repositories.HopRepositoryTest@6d9f624, testMethod = should_find_all_hops@HopRepositoryTest, testException = java.lang.AssertionError: 
Expected size: 2 but was: 5 in:
[WarehouseEntity(level=2, nextHops=[]),
    WarehouseEntity(level=2, nextHops=[]),
    WarehouseEntity(level=2, nextHops=[]),
    HopEntity(id=254, hopType=testHopType 1, code=ABCD12, description=test description 1, processingDelayMins=55, locationName=Wien, locationCoordinates=GeoCoordinateEntity(id=255, lat=3.493582346E9, lon=345.0)),
    HopEntity(id=256, hopType=testHopType 2, code=ABCD12, description=test description 2, processingDelayMins=55, locationName=Wien, locationCoordinates=GeoCoordinateEntity(id=255, lat=3.493582346E9, lon=345.0))], mergedContextConfiguration = [WebMergedContextConfiguration@5d0ca8a5 testClass = HopRepositoryTest, locations = '{}', classes = '{class at.fhtw.swen3.OpenApiGeneratorApplication}', contextInitializerClasses = '[]', activeProfiles = '{}', propertySourceLocations = '{}', propertySourceProperties = '{org.springframework.boot.test.context.SpringBootTestContextBootstrapper=true}', contextCustomizers = set[[ImportsContextCustomizer@1b7c1c6f key = [org.springframework.boot.test.autoconfigure.orm.jpa.TestEntityManagerAutoConfiguration]], org.springframework.boot.test.context.filter.ExcludeFilterContextCustomizer@5677323c, org.springframework.boot.test.json.DuplicateJsonObjectContextCustomizerFactory$DuplicateJsonObjectContextCustomizer@4686afc2, org.springframework.boot.test.mock.mockito.MockitoContextCustomizer@0, org.springframework.boot.test.web.client.TestRestTemplateContextCustomizer@2892d68, org.springframework.boot.test.autoconfigure.actuate.metrics.MetricsExportContextCustomizerFactory$DisableMetricExportContextCustomizer@740cae06, org.springframework.boot.test.autoconfigure.properties.PropertyMappingContextCustomizer@0, org.springframework.boot.test.autoconfigure.web.servlet.WebDriverContextCustomizerFactory$Customizer@5d0bf09b, org.springframework.boot.test.context.SpringBootTestArgs@1, org.springframework.boot.test.context.SpringBootTestWebEnvironment@29b5cd00], resourceBasePath = 'src/main/webapp', contextLoader = 'org.springframework.boot.test.context.SpringBootContextLoader', parent = [null]], attributes = map['org.springframework.test.context.web.ServletTestExecutionListener.activateListener' -> true, 'org.springframework.test.context.web.ServletTestExecutionListener.populatedRequestContextHolder' -> true, 'org.springframework.test.context.web.ServletTestExecutionListener.resetRequestContextHolder' -> true, 'org.springframework.test.context.event.ApplicationEventsTestExecutionListener.recordApplicationEvents' -> false]]
]]></system-out>
  </testcase>
  <testcase name="should_delete_all_tutorials" classname="at.fhtw.swen3.persistence.repositories.HopRepositoryTest" time="0.02"/>
  <testcase name="should_find_no_hops_if_repository_is_empty" classname="at.fhtw.swen3.persistence.repositories.HopRepositoryTest" time="0.014">
    <failure message="&#10;Expecting empty but was: [WarehouseEntity(level=2, nextHops=[]),&#10;    WarehouseEntity(level=2, nextHops=[]),&#10;    WarehouseEntity(level=2, nextHops=[])]" type="java.lang.AssertionError">java.lang.AssertionError: 

Expecting empty but was: [WarehouseEntity(level=2, nextHops=[]),
    WarehouseEntity(level=2, nextHops=[]),
    WarehouseEntity(level=2, nextHops=[])]
	at at.fhtw.swen3.persistence.repositories.HopRepositoryTest.should_find_no_hops_if_repository_is_empty(HopRepositoryTest.java:29)
</failure>
    <system-out><![CDATA[2022-12-13 08:59:12.115  INFO 36464 --- [           main] o.s.t.c.transaction.TransactionContext   : Began transaction (1) for test context [DefaultTestContext@33fefbbe testClass = HopRepositoryTest, testInstance = at.fhtw.swen3.persistence.repositories.HopRepositoryTest@77a27356, testMethod = should_find_no_hops_if_repository_is_empty@HopRepositoryTest, testException = [null], mergedContextConfiguration = [WebMergedContextConfiguration@5d0ca8a5 testClass = HopRepositoryTest, locations = '{}', classes = '{class at.fhtw.swen3.OpenApiGeneratorApplication}', contextInitializerClasses = '[]', activeProfiles = '{}', propertySourceLocations = '{}', propertySourceProperties = '{org.springframework.boot.test.context.SpringBootTestContextBootstrapper=true}', contextCustomizers = set[[ImportsContextCustomizer@1b7c1c6f key = [org.springframework.boot.test.autoconfigure.orm.jpa.TestEntityManagerAutoConfiguration]], org.springframework.boot.test.context.filter.ExcludeFilterContextCustomizer@5677323c, org.springframework.boot.test.json.DuplicateJsonObjectContextCustomizerFactory$DuplicateJsonObjectContextCustomizer@4686afc2, org.springframework.boot.test.mock.mockito.MockitoContextCustomizer@0, org.springframework.boot.test.web.client.TestRestTemplateContextCustomizer@2892d68, org.springframework.boot.test.autoconfigure.actuate.metrics.MetricsExportContextCustomizerFactory$DisableMetricExportContextCustomizer@740cae06, org.springframework.boot.test.autoconfigure.properties.PropertyMappingContextCustomizer@0, org.springframework.boot.test.autoconfigure.web.servlet.WebDriverContextCustomizerFactory$Customizer@5d0bf09b, org.springframework.boot.test.context.SpringBootTestArgs@1, org.springframework.boot.test.context.SpringBootTestWebEnvironment@29b5cd00], resourceBasePath = 'src/main/webapp', contextLoader = 'org.springframework.boot.test.context.SpringBootContextLoader', parent = [null]], attributes = map['org.springframework.test.context.web.ServletTestExecutionListener.activateListener' -> true, 'org.springframework.test.context.web.ServletTestExecutionListener.populatedRequestContextHolder' -> true, 'org.springframework.test.context.web.ServletTestExecutionListener.resetRequestContextHolder' -> true, 'org.springframework.test.context.event.ApplicationEventsTestExecutionListener.recordApplicationEvents' -> false]]; transaction manager [org.springframework.orm.jpa.JpaTransactionManager@353ac1ef]; rollback [true]
2022-12-13 08:59:12.127  INFO 36464 --- [           main] o.s.t.c.transaction.TransactionContext   : Rolled back transaction for test: [DefaultTestContext@33fefbbe testClass = HopRepositoryTest, testInstance = at.fhtw.swen3.persistence.repositories.HopRepositoryTest@77a27356, testMethod = should_find_no_hops_if_repository_is_empty@HopRepositoryTest, testException = java.lang.AssertionError: 
Expecting empty but was: [WarehouseEntity(level=2, nextHops=[]),
    WarehouseEntity(level=2, nextHops=[]),
    WarehouseEntity(level=2, nextHops=[])], mergedContextConfiguration = [WebMergedContextConfiguration@5d0ca8a5 testClass = HopRepositoryTest, locations = '{}', classes = '{class at.fhtw.swen3.OpenApiGeneratorApplication}', contextInitializerClasses = '[]', activeProfiles = '{}', propertySourceLocations = '{}', propertySourceProperties = '{org.springframework.boot.test.context.SpringBootTestContextBootstrapper=true}', contextCustomizers = set[[ImportsContextCustomizer@1b7c1c6f key = [org.springframework.boot.test.autoconfigure.orm.jpa.TestEntityManagerAutoConfiguration]], org.springframework.boot.test.context.filter.ExcludeFilterContextCustomizer@5677323c, org.springframework.boot.test.json.DuplicateJsonObjectContextCustomizerFactory$DuplicateJsonObjectContextCustomizer@4686afc2, org.springframework.boot.test.mock.mockito.MockitoContextCustomizer@0, org.springframework.boot.test.web.client.TestRestTemplateContextCustomizer@2892d68, org.springframework.boot.test.autoconfigure.actuate.metrics.MetricsExportContextCustomizerFactory$DisableMetricExportContextCustomizer@740cae06, org.springframework.boot.test.autoconfigure.properties.PropertyMappingContextCustomizer@0, org.springframework.boot.test.autoconfigure.web.servlet.WebDriverContextCustomizerFactory$Customizer@5d0bf09b, org.springframework.boot.test.context.SpringBootTestArgs@1, org.springframework.boot.test.context.SpringBootTestWebEnvironment@29b5cd00], resourceBasePath = 'src/main/webapp', contextLoader = 'org.springframework.boot.test.context.SpringBootContextLoader', parent = [null]], attributes = map['org.springframework.test.context.web.ServletTestExecutionListener.activateListener' -> true, 'org.springframework.test.context.web.ServletTestExecutionListener.populatedRequestContextHolder' -> true, 'org.springframework.test.context.web.ServletTestExecutionListener.resetRequestContextHolder' -> true, 'org.springframework.test.context.event.ApplicationEventsTestExecutionListener.recordApplicationEvents' -> false]]
]]></system-out>
  </testcase>
  <testcase name="should_store_a_hop" classname="at.fhtw.swen3.persistence.repositories.HopRepositoryTest" time="0.011"/>
  <testcase name="should_find_hop_by_id" classname="at.fhtw.swen3.persistence.repositories.HopRepositoryTest" time="0.008"/>
</testsuite>